[debug] [2019-07-01T23:08:30.590Z] ----------------------------------------------------------------------
[debug] [2019-07-01T23:08:30.606Z] Command:       C:\Program Files\nodejs\node.exe C:\Users\Eval Strategies\AppData\Roaming\npm\node_modules\firebase-tools\lib\bin\firebase.js init
[debug] [2019-07-01T23:08:30.606Z] CLI Version:   7.0.2
[debug] [2019-07-01T23:08:30.606Z] Platform:      win32
[debug] [2019-07-01T23:08:30.606Z] Node Version:  v10.16.0
[debug] [2019-07-01T23:08:30.606Z] Time:          Mon Jul 01 2019 19:08:30 GMT-0400 (Eastern Daylight Time)
[debug] [2019-07-01T23:08:30.606Z] ----------------------------------------------------------------------
[debug] 
[debug] [2019-07-01T23:08:30.622Z] > command requires scopes: ["email","openid","https://www.googleapis.com/auth/cloudplatformprojects.readonly","https://www.googleapis.com/auth/firebase","https://www.googleapis.com/auth/cloud-platform"]
[debug] [2019-07-01T23:08:30.622Z] > authorizing via signed-in user
[info] 
     ######## #### ########  ######## ########     ###     ######  ########
     ##        ##  ##     ## ##       ##     ##  ##   ##  ##       ##
     ######    ##  ########  ######   ########  #########  ######  ######
     ##        ##  ##    ##  ##       ##     ## ##     ##       ## ##
     ##       #### ##     ## ######## ########  ##     ##  ######  ########

You're about to initialize a Firebase project in this directory:

  C:\Sites\jobs_app

Before we get started, keep in mind:

  * You are currently outside your home directory

[info] 
=== Project Setup
[info] 
[info] First, let's associate this project directory with a Firebase project.
[info] You can create multiple project aliases by running firebase use --add, 
[info] but for now we'll just set up a default project.
[info] 
[debug] [2019-07-01T23:09:07.331Z] > refreshing access token with scopes: ["email","https://www.googleapis.com/auth/cloud-platform","https://www.googleapis.com/auth/cloudplatformprojects.readonly","https://www.googleapis.com/auth/firebase","openid"]
[debug] [2019-07-01T23:09:07.331Z] >>> HTTP REQUEST POST https://www.googleapis.com/oauth2/v3/token  
 <request body omitted>
[debug] [2019-07-01T23:09:07.678Z] <<< HTTP RESPONSE 200
[debug] [2019-07-01T23:09:07.710Z] >>> HTTP REQUEST GET https://firebase.googleapis.com/v1beta1/projects?page_size=100  
 
[debug] [2019-07-01T23:09:08.133Z] <<< HTTP RESPONSE 200
